<?xml version="1.0" encoding="UTF-8"?><testrun name="VendorServiceImplTest" project="vendordb" tests="10" started="10" failures="0" errors="1" ignored="0">
  <testsuite name="com.example.demo.serviceimpl.VendorServiceImplTest" time="0.339" displayname="VendorServiceImplTest" uniqueid="[engine:junit-jupiter]/[class:com.example.demo.serviceimpl.VendorServiceImplTest]">
    <testcase name="testGetVendorById" classname="com.example.demo.serviceimpl.VendorServiceImplTest" time="0.151" displayname="testGetVendorById()" uniqueid="[engine:junit-jupiter]/[class:com.example.demo.serviceimpl.VendorServiceImplTest]/[method:testGetVendorById()]"/>
    <testcase name="testCreateVendorInvalidEmail" classname="com.example.demo.serviceimpl.VendorServiceImplTest" time="0.022" displayname="testCreateVendorInvalidEmail()" uniqueid="[engine:junit-jupiter]/[class:com.example.demo.serviceimpl.VendorServiceImplTest]/[method:testCreateVendorInvalidEmail()]"/>
    <testcase name="testCreateVendorInvalidPhone" classname="com.example.demo.serviceimpl.VendorServiceImplTest" time="0.013" displayname="testCreateVendorInvalidPhone()" uniqueid="[engine:junit-jupiter]/[class:com.example.demo.serviceimpl.VendorServiceImplTest]/[method:testCreateVendorInvalidPhone()]"/>
    <testcase name="testGetByIdNotFound" classname="com.example.demo.serviceimpl.VendorServiceImplTest" time="0.025" displayname="testGetByIdNotFound()" uniqueid="[engine:junit-jupiter]/[class:com.example.demo.serviceimpl.VendorServiceImplTest]/[method:testGetByIdNotFound()]">
      <error>com.example.demo.exception.ResourceNotFoundException: Vendor&#13;
	at com.example.demo.serviceimpl.VendorServiceImpl.lambda$0(VendorServiceImpl.java:57)&#13;
	at java.base/java.util.Optional.orElseThrow(Optional.java:403)&#13;
	at com.example.demo.serviceimpl.VendorServiceImpl.getVendorById(VendorServiceImpl.java:57)&#13;
	at com.example.demo.serviceimpl.VendorServiceImplTest.testGetByIdNotFound(VendorServiceImplTest.java:120)&#13;
	at java.base/jdk.internal.reflect.NativeMethodAccessorImpl.invoke0(Native Method)&#13;
	at java.base/jdk.internal.reflect.NativeMethodAccessorImpl.invoke(NativeMethodAccessorImpl.java:77)&#13;
	at java.base/jdk.internal.reflect.DelegatingMethodAccessorImpl.invoke(DelegatingMethodAccessorImpl.java:43)&#13;
	at java.base/java.lang.reflect.Method.invoke(Method.java:568)&#13;
	at org.junit.platform.commons.util.ReflectionUtils.invokeMethod(ReflectionUtils.java:727)&#13;
	at org.junit.jupiter.engine.execution.MethodInvocation.proceed(MethodInvocation.java:60)&#13;
	at org.junit.jupiter.engine.execution.InvocationInterceptorChain$ValidatingInvocation.proceed(InvocationInterceptorChain.java:131)&#13;
	at org.junit.jupiter.engine.extension.TimeoutExtension.intercept(TimeoutExtension.java:156)&#13;
	at org.junit.jupiter.engine.extension.TimeoutExtension.interceptTestableMethod(TimeoutExtension.java:147)&#13;
	at org.junit.jupiter.engine.extension.TimeoutExtension.interceptTestMethod(TimeoutExtension.java:86)&#13;
	at org.junit.jupiter.engine.execution.InterceptingExecutableInvoker$ReflectiveInterceptorCall.lambda$ofVoidMethod$0(InterceptingExecutableInvoker.java:103)&#13;
	at org.junit.jupiter.engine.execution.InterceptingExecutableInvoker.lambda$invoke$0(InterceptingExecutableInvoker.java:93)&#13;
	at org.junit.jupiter.engine.execution.InvocationInterceptorChain$InterceptedInvocation.proceed(InvocationInterceptorChain.java:106)&#13;
	at org.junit.jupiter.engine.execution.InvocationInterceptorChain.proceed(InvocationInterceptorChain.java:64)&#13;
	at org.junit.jupiter.engine.execution.InvocationInterceptorChain.chainAndInvoke(InvocationInterceptorChain.java:45)&#13;
	at org.junit.jupiter.engine.execution.InvocationInterceptorChain.invoke(InvocationInterceptorChain.java:37)&#13;
	at org.junit.jupiter.engine.execution.InterceptingExecutableInvoker.invoke(InterceptingExecutableInvoker.java:92)&#13;
	at org.junit.jupiter.engine.execution.InterceptingExecutableInvoker.invoke(InterceptingExecutableInvoker.java:86)&#13;
	at org.junit.jupiter.engine.descriptor.TestMethodTestDescriptor.lambda$invokeTestMethod$7(TestMethodTestDescriptor.java:217)&#13;
	at org.junit.platform.engine.support.hierarchical.ThrowableCollector.execute(ThrowableCollector.java:73)&#13;
	at org.junit.jupiter.engine.descriptor.TestMethodTestDescriptor.invokeTestMethod(TestMethodTestDescriptor.java:213)&#13;
	at org.junit.jupiter.engine.descriptor.TestMethodTestDescriptor.execute(TestMethodTestDescriptor.java:138)&#13;
	at org.junit.jupiter.engine.descriptor.TestMethodTestDescriptor.execute(TestMethodTestDescriptor.java:68)&#13;
	at org.junit.platform.engine.support.hierarchical.NodeTestTask.lambda$executeRecursively$6(NodeTestTask.java:151)&#13;
	at org.junit.platform.engine.support.hierarchical.ThrowableCollector.execute(ThrowableCollector.java:73)&#13;
	at org.junit.platform.engine.support.hierarchical.NodeTestTask.lambda$executeRecursively$8(NodeTestTask.java:141)&#13;
	at org.junit.platform.engine.support.hierarchical.Node.around(Node.java:137)&#13;
	at org.junit.platform.engine.support.hierarchical.NodeTestTask.lambda$executeRecursively$9(NodeTestTask.java:139)&#13;
	at org.junit.platform.engine.support.hierarchical.ThrowableCollector.execute(ThrowableCollector.java:73)&#13;
	at org.junit.platform.engine.support.hierarchical.NodeTestTask.executeRecursively(NodeTestTask.java:138)&#13;
	at org.junit.platform.engine.support.hierarchical.NodeTestTask.execute(NodeTestTask.java:95)&#13;
	at java.base/java.util.ArrayList.forEach(ArrayList.java:1511)&#13;
	at org.junit.platform.engine.support.hierarchical.SameThreadHierarchicalTestExecutorService.invokeAll(SameThreadHierarchicalTestExecutorService.java:41)&#13;
	at org.junit.platform.engine.support.hierarchical.NodeTestTask.lambda$executeRecursively$6(NodeTestTask.java:155)&#13;
	at org.junit.platform.engine.support.hierarchical.ThrowableCollector.execute(ThrowableCollector.java:73)&#13;
	at org.junit.platform.engine.support.hierarchical.NodeTestTask.lambda$executeRecursively$8(NodeTestTask.java:141)&#13;
	at org.junit.platform.engine.support.hierarchical.Node.around(Node.java:137)&#13;
	at org.junit.platform.engine.support.hierarchical.NodeTestTask.lambda$executeRecursively$9(NodeTestTask.java:139)&#13;
	at org.junit.platform.engine.support.hierarchical.ThrowableCollector.execute(ThrowableCollector.java:73)&#13;
	at org.junit.platform.engine.support.hierarchical.NodeTestTask.executeRecursively(NodeTestTask.java:138)&#13;
	at org.junit.platform.engine.support.hierarchical.NodeTestTask.execute(NodeTestTask.java:95)&#13;
	at java.base/java.util.ArrayList.forEach(ArrayList.java:1511)&#13;
	at org.junit.platform.engine.support.hierarchical.SameThreadHierarchicalTestExecutorService.invokeAll(SameThreadHierarchicalTestExecutorService.java:41)&#13;
	at org.junit.platform.engine.support.hierarchical.NodeTestTask.lambda$executeRecursively$6(NodeTestTask.java:155)&#13;
	at org.junit.platform.engine.support.hierarchical.ThrowableCollector.execute(ThrowableCollector.java:73)&#13;
	at org.junit.platform.engine.support.hierarchical.NodeTestTask.lambda$executeRecursively$8(NodeTestTask.java:141)&#13;
	at org.junit.platform.engine.support.hierarchical.Node.around(Node.java:137)&#13;
	at org.junit.platform.engine.support.hierarchical.NodeTestTask.lambda$executeRecursively$9(NodeTestTask.java:139)&#13;
	at org.junit.platform.engine.support.hierarchical.ThrowableCollector.execute(ThrowableCollector.java:73)&#13;
	at org.junit.platform.engine.support.hierarchical.NodeTestTask.executeRecursively(NodeTestTask.java:138)&#13;
	at org.junit.platform.engine.support.hierarchical.NodeTestTask.execute(NodeTestTask.java:95)&#13;
	at org.junit.platform.engine.support.hierarchical.SameThreadHierarchicalTestExecutorService.submit(SameThreadHierarchicalTestExecutorService.java:35)&#13;
	at org.junit.platform.engine.support.hierarchical.HierarchicalTestExecutor.execute(HierarchicalTestExecutor.java:57)&#13;
	at org.junit.platform.engine.support.hierarchical.HierarchicalTestEngine.execute(HierarchicalTestEngine.java:54)&#13;
	at org.junit.platform.launcher.core.EngineExecutionOrchestrator.execute(EngineExecutionOrchestrator.java:147)&#13;
	at org.junit.platform.launcher.core.EngineExecutionOrchestrator.execute(EngineExecutionOrchestrator.java:127)&#13;
	at org.junit.platform.launcher.core.EngineExecutionOrchestrator.execute(EngineExecutionOrchestrator.java:90)&#13;
	at org.junit.platform.launcher.core.EngineExecutionOrchestrator.lambda$execute$0(EngineExecutionOrchestrator.java:55)&#13;
	at org.junit.platform.launcher.core.EngineExecutionOrchestrator.withInterceptedStreams(EngineExecutionOrchestrator.java:102)&#13;
	at org.junit.platform.launcher.core.EngineExecutionOrchestrator.execute(EngineExecutionOrchestrator.java:54)&#13;
	at org.junit.platform.launcher.core.DefaultLauncher.execute(DefaultLauncher.java:114)&#13;
	at org.junit.platform.launcher.core.DefaultLauncher.execute(DefaultLauncher.java:95)&#13;
	at org.junit.platform.launcher.core.DefaultLauncherSession$DelegatingLauncher.execute(DefaultLauncherSession.java:91)&#13;
	at org.junit.platform.launcher.core.SessionPerRequestLauncher.execute(SessionPerRequestLauncher.java:60)&#13;
	at org.eclipse.jdt.internal.junit5.runner.JUnit5TestReference.run(JUnit5TestReference.java:98)&#13;
	at org.eclipse.jdt.internal.junit.runner.TestExecution.run(TestExecution.java:40)&#13;
	at org.eclipse.jdt.internal.junit.runner.RemoteTestRunner.runTests(RemoteTestRunner.java:529)&#13;
	at org.eclipse.jdt.internal.junit.runner.RemoteTestRunner.runTests(RemoteTestRunner.java:756)&#13;
	at org.eclipse.jdt.internal.junit.runner.RemoteTestRunner.run(RemoteTestRunner.java:452)&#13;
	at org.eclipse.jdt.internal.junit.runner.RemoteTestRunner.main(RemoteTestRunner.java:210)&#13;
&#13;
</error>
    </testcase>
    <testcase name="getVendorByVendorCode" classname="com.example.demo.serviceimpl.VendorServiceImplTest" time="0.011" displayname="getVendorByVendorCode()" uniqueid="[engine:junit-jupiter]/[class:com.example.demo.serviceimpl.VendorServiceImplTest]/[method:getVendorByVendorCode()]"/>
    <testcase name="testGetAllVendors" classname="com.example.demo.serviceimpl.VendorServiceImplTest" time="0.032" displayname="testGetAllVendors()" uniqueid="[engine:junit-jupiter]/[class:com.example.demo.serviceimpl.VendorServiceImplTest]/[method:testGetAllVendors()]"/>
    <testcase name="updateVendor" classname="com.example.demo.serviceimpl.VendorServiceImplTest" time="0.017" displayname="updateVendor()" uniqueid="[engine:junit-jupiter]/[class:com.example.demo.serviceimpl.VendorServiceImplTest]/[method:updateVendor()]"/>
    <testcase name="deleteVendor" classname="com.example.demo.serviceimpl.VendorServiceImplTest" time="0.01" displayname="deleteVendor()" uniqueid="[engine:junit-jupiter]/[class:com.example.demo.serviceimpl.VendorServiceImplTest]/[method:deleteVendor()]"/>
    <testcase name="testCreateVendorInvalidPincode" classname="com.example.demo.serviceimpl.VendorServiceImplTest" time="0.008" displayname="testCreateVendorInvalidPincode()" uniqueid="[engine:junit-jupiter]/[class:com.example.demo.serviceimpl.VendorServiceImplTest]/[method:testCreateVendorInvalidPincode()]"/>
    <testcase name="createVendor" classname="com.example.demo.serviceimpl.VendorServiceImplTest" time="0.011" displayname="createVendor()" uniqueid="[engine:junit-jupiter]/[class:com.example.demo.serviceimpl.VendorServiceImplTest]/[method:createVendor()]"/>
  </testsuite>
</testrun>
